<component name="libraryTable">
  <library name="junit-3.8.1-sources">
    <CLASSES>
      <root url="jar://$MAVEN_REPOSITORY$/junit/junit/3.8.1/junit-3.8.1.jar!/" />
      <root url="jar://$MAVEN_REPOSITORY$/javax/servlet/javax.servlet-api/3.0.1/javax.servlet-api-3.0.1.jar!/" />
      <root url="jar://$MAVEN_REPOSITORY$/commons-fileupload/commons-fileupload/1.3.2/commons-fileupload-1.3.2.jar!/" />
    </CLASSES>
    <JAVADOC />
    <SOURCES>
      <root url="jar://$MAVEN_REPOSITORY$/junit/junit/3.8.1/junit-3.8.1-sources.jar!/" />
      <root url="jar://$MAVEN_REPOSITORY$/javax/servlet/javax.servlet-api/3.0.1/javax.servlet-api-3.0.1-sources.jar!/" />
      <root url="jar://$MAVEN_REPOSITORY$/commons-fileupload/commons-fileupload/1.3.2/commons-fileupload-1.3.2-sources.jar!/" />
    </SOURCES>
  </library>
</component>